<?xml version="1.0" encoding="UTF-8"?>
<!-- Generated by org.testng.reporters.JUnitReportReporter -->
<testsuite hostname="shiantu" failures="0" tests="1" name="espl.LA.testCases.Activity_360degreeTest" time="47.773" errors="0" timestamp="2022-09-28T10:18:36 IST" skipped="0">
  <testcase classname="espl.LA.testCases.Activity_360degreeTest" name="Activity360Test" time="47.773"/>
  <system-out>
    <![CDATA[Start executing Login test
End Login test..
Start clicking on setup 
clicking on setup sucessfully done 
start creating new learning assessment  
Clicking on + icon 
Entering title of the assessment
selecting start date of the assessment
selecting End date of the assessment
selecting No. of activity of the assessment
Clicking on proceed to activities button
End of assessment page
Start Configuring 360 Degree activity
Clicking on Activity dropdown
Selecting ativity
Clicking on save button
Clicking on Gear Wheel Icon
Entering 360 Activity Title
Selecting competencies
Selecting start date
Selecting end date
Selecting question per page
Selecting feedback Roles
Clicking on Save
Setup 360 degree Activity Done
bulk upload 360 degree Activity questions
bulk upload 360 degree Activity questions sucessfully done
Assessment with 360 degree activity sucessfully created]]>
  </system-out>
</testsuite> <!-- espl.LA.testCases.Activity_360degreeTest -->
