<?xml version="1.0" encoding="UTF-8"?>
<!-- Generated by org.testng.reporters.JUnitReportReporter -->
<testsuite hostname="shiantu" failures="0" tests="1" name="espl.LA.testCases.LoginTest" time="4.094" errors="0" timestamp="2022-09-09T18:50:52 IST" skipped="0">
  <testcase classname="espl.LA.testCases.LoginTest" name="loginApp" time="4.094"/>
  <system-out>
    <![CDATA[Start executing test..]]>
  </system-out>
</testsuite> <!-- espl.LA.testCases.LoginTest -->
